[2021-06-12T00:08:03.189] [INFO] default - SERVER: Start... port: 20026 pwd:/Users/ju/Desktop/injection pid:86849
[2021-06-12T00:31:53.635] [INFO] default - SERVER: Start... port: 20026 pwd:/Users/ju/Desktop/injection pid:87103
[2021-06-12T00:32:14.579] [INFO] default - SERVER: Start... port: 20026 pwd:/Users/ju/Desktop/injection pid:87113
[2021-06-12T00:32:25.156] [INFO] default - SERVER: Start... port: 20026 pwd:/Users/ju/Desktop/injection pid:87123
[2021-06-12T00:34:21.092] [INFO] default - SERVER: Start... port: 20026 pwd:/Users/ju/Desktop/injection pid:87165
[2021-06-12T00:36:05.867] [INFO] default - SERVER: Start... port: 20026 pwd:/Users/ju/Desktop/injection pid:87189
[2021-06-12T00:36:19.998] [INFO] default - SERVER: Start... port: 20026 pwd:/Users/ju/Desktop/injection pid:87200
[2021-06-12T00:37:12.477] [INFO] default - SERVER: Start... port: 20026 pwd:/Users/ju/Desktop/injection pid:87214
[2021-06-12T00:37:17.841] [INFO] default - SERVER: Start... port: 20026 pwd:/Users/ju/Desktop/injection pid:87220
[2021-06-12T00:37:22.603] [INFO] default - SERVER: Start... port: 20026 pwd:/Users/ju/Desktop/injection pid:87226
[2021-06-12T00:37:40.669] [INFO] default - SERVER: Start... port: 20026 pwd:/Users/ju/Desktop/injection pid:87243
[2021-06-12T00:37:49.609] [INFO] default - SERVER: Start... port: 20026 pwd:/Users/ju/Desktop/injection pid:87251
[2021-06-12T00:37:57.443] [INFO] default - SERVER: Start... port: 20026 pwd:/Users/ju/Desktop/injection pid:87257
[2021-06-12T00:38:39.904] [INFO] default - SERVER: Start... port: 20026 pwd:/Users/ju/Desktop/injection pid:87271
[2021-06-12T00:38:56.702] [INFO] default - SERVER: Start... port: 20026 pwd:/Users/ju/Desktop/injection pid:87276
[2021-06-12T00:39:24.936] [INFO] default - SERVER: Start... port: 20026 pwd:/Users/ju/Desktop/injection pid:87289
[2021-06-12T00:39:39.554] [INFO] default - SERVER: Start... port: 20026 pwd:/Users/ju/Desktop/injection pid:87304
[2021-06-12T00:39:51.244] [INFO] default - SERVER: Start... port: 20026 pwd:/Users/ju/Desktop/injection pid:87312
[2021-06-12T00:40:11.696] [INFO] default - SERVER: Start... port: 20026 pwd:/Users/ju/Desktop/injection pid:87325
[2021-06-12T00:48:14.027] [INFO] default - SERVER: Start... port: 20026 pwd:/Users/ju/Desktop/injection pid:87405
[2021-06-12T00:48:20.184] [INFO] default - SERVER: Start... port: 20026 pwd:/Users/ju/Desktop/injection pid:87413
[2021-06-12T00:48:34.188] [INFO] default - SERVER: Start... port: 20026 pwd:/Users/ju/Desktop/injection pid:87424
[2021-06-12T00:48:37.239] [INFO] default - SERVER: Start... port: 20026 pwd:/Users/ju/Desktop/injection pid:87435
[2021-06-12T00:48:42.358] [INFO] default - SERVER: Start... port: 20026 pwd:/Users/ju/Desktop/injection pid:87447
[2021-06-12T00:48:43.985] [INFO] default - SERVER: Start... port: 20026 pwd:/Users/ju/Desktop/injection pid:87451
[2021-06-12T00:48:53.510] [INFO] default - SERVER: Start... port: 20026 pwd:/Users/ju/Desktop/injection pid:87456
[2021-06-12T00:50:32.283] [INFO] default - SERVER: Start... port: 20026 pwd:/Users/ju/Desktop/injection pid:87487
[2021-06-12T00:50:43.885] [INFO] default - SERVER: Start... port: 20026 pwd:/Users/ju/Desktop/injection pid:87499
[2021-06-12T00:51:32.962] [INFO] default - SERVER: Start... port: 20026 pwd:/Users/ju/Desktop/injection pid:87517
[2021-06-12T00:51:35.266] [INFO] default - SERVER: Start... port: 20026 pwd:/Users/ju/Desktop/injection pid:87526
[2021-06-12T00:51:55.220] [INFO] default - SERVER: Start... port: 20026 pwd:/Users/ju/Desktop/injection pid:87560
[2021-06-12T00:51:59.203] [INFO] default - SERVER: Start... port: 20026 pwd:/Users/ju/Desktop/injection pid:87569
[2021-06-12T00:52:16.539] [INFO] default - SERVER: Start... port: 20026 pwd:/Users/ju/Desktop/injection pid:87576
[2021-06-12T00:58:40.162] [INFO] default - SERVER: Start... port: 20026 pwd:/Users/ju/Desktop/injection pid:87642
[2021-06-12T00:59:34.823] [INFO] default - SERVER: Start... port: 20026 pwd:/Users/ju/Desktop/injection pid:87655
[2021-06-12T01:00:16.811] [INFO] default - SERVER: Start... port: 20026 pwd:/Users/ju/Desktop/injection pid:87670
[2021-06-12T01:01:05.284] [INFO] default - SERVER: Start... port: 20026 pwd:/Users/ju/Desktop/injection pid:87687
[2021-06-12T01:01:11.611] [INFO] default - SERVER: Start... port: 20026 pwd:/Users/ju/Desktop/injection pid:87694
[2021-06-12T01:02:01.330] [INFO] default - SERVER: Start... port: 20026 pwd:/Users/ju/Desktop/injection pid:87711
[2021-06-12T01:02:04.464] [INFO] default - SERVER: Start... port: 20026 pwd:/Users/ju/Desktop/injection pid:87723
[2021-06-12T01:02:07.229] [INFO] default - SERVER: Start... port: 20026 pwd:/Users/ju/Desktop/injection pid:87728
[2021-06-12T01:02:18.346] [INFO] default - SERVER: Start... port: 20026 pwd:/Users/ju/Desktop/injection pid:87734
[2021-06-12T01:02:27.545] [INFO] default - SERVER: Start... port: 20026 pwd:/Users/ju/Desktop/injection pid:87739
[2021-06-12T01:02:43.773] [INFO] default - SERVER: Start... port: 20026 pwd:/Users/ju/Desktop/injection pid:87745
[2021-06-12T01:02:48.935] [INFO] default - SERVER: Start... port: 20026 pwd:/Users/ju/Desktop/injection pid:87753
[2021-06-12T01:02:52.202] [INFO] default - SERVER: Start... port: 20026 pwd:/Users/ju/Desktop/injection pid:87762
[2021-06-12T01:03:04.937] [INFO] default - SERVER: Start... port: 20026 pwd:/Users/ju/Desktop/injection pid:87781
[2021-06-12T01:03:09.807] [INFO] default - SERVER: Start... port: 20026 pwd:/Users/ju/Desktop/injection pid:87786
[2021-06-12T01:03:28.312] [INFO] default - SERVER: Start... port: 20026 pwd:/Users/ju/Desktop/injection pid:87793
[2021-06-12T01:03:39.218] [INFO] default - SERVER: Start... port: 20026 pwd:/Users/ju/Desktop/injection pid:87801
[2021-06-12T01:04:09.974] [INFO] default - SERVER: Start... port: 20026 pwd:/Users/ju/Desktop/injection pid:87819
[2021-06-12T01:04:27.315] [INFO] default - SERVER: Start... port: 20026 pwd:/Users/ju/Desktop/injection pid:87831
[2021-06-12T01:04:46.122] [INFO] default - SERVER: Start... port: 20026 pwd:/Users/ju/Desktop/injection pid:87840
[2021-06-12T01:04:50.122] [INFO] default - SERVER: Start... port: 20026 pwd:/Users/ju/Desktop/injection pid:87844
[2021-06-12T01:04:59.354] [INFO] default - SERVER: Start... port: 20026 pwd:/Users/ju/Desktop/injection pid:87852
[2021-06-12T01:05:30.083] [INFO] default - SERVER: Start... port: 20026 pwd:/Users/ju/Desktop/injection pid:87861
[2021-06-12T01:05:32.516] [INFO] default - SERVER: Start... port: 20026 pwd:/Users/ju/Desktop/injection pid:87867
[2021-06-12T01:05:41.816] [INFO] default - SERVER: Start... port: 20026 pwd:/Users/ju/Desktop/injection pid:87872
[2021-06-12T01:05:44.744] [INFO] default - SERVER: Start... port: 20026 pwd:/Users/ju/Desktop/injection pid:87876
[2021-06-12T01:06:01.913] [INFO] default - SERVER: Start... port: 20026 pwd:/Users/ju/Desktop/injection pid:87885
[2021-06-12T01:06:12.711] [INFO] default - SERVER: Start... port: 20026 pwd:/Users/ju/Desktop/injection pid:87898
[2021-06-12T01:06:21.819] [INFO] default - SERVER: Start... port: 20026 pwd:/Users/ju/Desktop/injection pid:87908
[2021-06-12T01:06:34.775] [INFO] default - SERVER: Start... port: 20026 pwd:/Users/ju/Desktop/injection pid:87919
[2021-06-12T01:08:09.066] [INFO] default - SERVER: Start... port: 20026 pwd:/Users/ju/Desktop/injection pid:87944
[2021-06-12T01:09:02.872] [INFO] default - SERVER: Start... port: 20026 pwd:/Users/ju/Desktop/injection pid:87964
[2021-06-12T01:09:18.888] [INFO] default - SERVER: Start... port: 20026 pwd:/Users/ju/Desktop/injection pid:87974
[2021-06-12T01:10:02.138] [INFO] default - SERVER: Start... port: 20026 pwd:/Users/ju/Desktop/injection pid:87985
[2021-06-12T01:10:11.315] [INFO] default - SERVER: Start... port: 20026 pwd:/Users/ju/Desktop/injection pid:88001
[2021-06-12T01:10:21.514] [INFO] default - SERVER: Start... port: 20026 pwd:/Users/ju/Desktop/injection pid:88013
[2021-06-12T01:10:24.675] [INFO] default - SERVER: Start... port: 20026 pwd:/Users/ju/Desktop/injection pid:88018
[2021-06-12T01:10:36.692] [INFO] default - SERVER: Start... port: 20026 pwd:/Users/ju/Desktop/injection pid:88025
[2021-06-12T01:11:29.038] [INFO] default - SERVER: Start... port: 20026 pwd:/Users/ju/Desktop/injection pid:88041
[2021-06-12T01:11:47.998] [INFO] default - SERVER: Start... port: 20026 pwd:/Users/ju/Desktop/injection pid:88051
[2021-06-12T01:11:59.412] [INFO] default - SERVER: Start... port: 20026 pwd:/Users/ju/Desktop/injection pid:88059
[2021-06-12T01:12:18.810] [INFO] default - SERVER: Start... port: 20026 pwd:/Users/ju/Desktop/injection pid:88066
[2021-06-12T01:12:21.705] [INFO] default - SERVER: Start... port: 20026 pwd:/Users/ju/Desktop/injection pid:88069
[2021-06-12T01:12:26.529] [INFO] default - SERVER: Start... port: 20026 pwd:/Users/ju/Desktop/injection pid:88074
[2021-06-12T01:12:32.940] [INFO] default - SERVER: Start... port: 20026 pwd:/Users/ju/Desktop/injection pid:88079
[2021-06-12T01:13:05.288] [INFO] default - SERVER: Start... port: 20026 pwd:/Users/ju/Desktop/injection pid:88092
[2021-06-12T01:16:08.188] [INFO] default - SERVER: Start... port: 20026 pwd:/Users/ju/Desktop/injection pid:88166
[2021-06-12T01:16:57.369] [INFO] default - SERVER: Start... port: 20026 pwd:/Users/ju/Desktop/injection pid:88190
[2021-06-12T01:17:11.857] [INFO] default - SERVER: Start... port: 20026 pwd:/Users/ju/Desktop/injection pid:88197
[2021-06-12T01:18:38.702] [INFO] default - SERVER: Start... port: 20026 pwd:/Users/ju/Desktop/injection pid:88211
[2021-06-12T01:18:55.006] [INFO] default - SERVER: Start... port: 20026 pwd:/Users/ju/Desktop/injection pid:88226
[2021-06-12T01:19:03.082] [INFO] default - SERVER: Start... port: 20026 pwd:/Users/ju/Desktop/injection pid:88234
[2021-06-12T01:19:07.159] [INFO] default - SERVER: Start... port: 20026 pwd:/Users/ju/Desktop/injection pid:88240
[2021-06-12T01:21:22.995] [INFO] default - SERVER: Start... port: 20026 pwd:/Users/ju/Desktop/injection pid:88286
[2021-06-12T01:21:36.573] [INFO] default - SERVER: Start... port: 20026 pwd:/Users/ju/Desktop/injection pid:88292
[2021-06-12T01:21:48.406] [INFO] default - SERVER: Start... port: 20026 pwd:/Users/ju/Desktop/injection pid:88300
[2021-06-12T01:21:50.505] [INFO] default - SERVER: Start... port: 20026 pwd:/Users/ju/Desktop/injection pid:88306
[2021-06-12T01:27:26.241] [INFO] default - SERVER: Start... port: 20026 pwd:/Users/ju/Desktop/injection pid:88357
[2021-06-12T01:52:29.426] [INFO] default - SERVER: Start... port: 20026 pwd:/Users/ju/Desktop/injection pid:88722
[2021-06-12T01:58:14.710] [INFO] default - SERVER: Start... port: 20026 pwd:/Users/ju/Desktop/injection pid:88790
[2021-06-12T01:58:48.240] [INFO] default - SERVER: Start... port: 20026 pwd:/Users/ju/Desktop/injection pid:88799
[2021-06-12T01:58:53.540] [INFO] default - SERVER: Start... port: 20026 pwd:/Users/ju/Desktop/injection pid:88804
[2021-06-12T01:59:55.875] [INFO] default - SERVER: Start... port: 20026 pwd:/Users/ju/Desktop/injection pid:88819
[2021-06-12T02:00:15.232] [INFO] default - SERVER: Start... port: 20026 pwd:/Users/ju/Desktop/injection pid:88836
[2021-06-12T02:00:58.267] [INFO] default - SERVER: Start... port: 20026 pwd:/Users/ju/Desktop/injection pid:88858
[2021-06-12T02:01:24.975] [INFO] default - SERVER: Start... port: 20026 pwd:/Users/ju/Desktop/injection pid:88871
[2021-06-12T02:01:56.814] [INFO] default - SERVER: Start... port: 20026 pwd:/Users/ju/Desktop/injection pid:88894
[2021-06-12T02:02:31.939] [INFO] default - SERVER: Start... port: 20026 pwd:/Users/ju/Desktop/injection pid:88913
[2021-06-12T02:02:45.172] [INFO] default - SERVER: Start... port: 20026 pwd:/Users/ju/Desktop/injection pid:88921
[2021-06-12T02:03:01.276] [INFO] default - SERVER: Start... port: 20026 pwd:/Users/ju/Desktop/injection pid:88939
[2021-06-12T02:03:22.293] [INFO] default - SERVER: Start... port: 20026 pwd:/Users/ju/Desktop/injection pid:88953
[2021-06-12T02:03:36.363] [INFO] default - SERVER: Start... port: 20026 pwd:/Users/ju/Desktop/injection pid:88963
[2021-06-12T02:04:49.363] [INFO] default - SERVER: Start... port: 20026 pwd:/Users/ju/Desktop/injection pid:88983
[2021-06-12T02:05:32.256] [INFO] default - SERVER: Start... port: 20026 pwd:/Users/ju/Desktop/injection pid:88999
[2021-06-12T02:05:45.594] [INFO] default - SERVER: Start... port: 20026 pwd:/Users/ju/Desktop/injection pid:89012
[2021-06-12T02:06:39.264] [INFO] default - SERVER: Start... port: 20026 pwd:/Users/ju/Desktop/injection pid:89032
[2021-06-12T02:06:51.149] [INFO] default - SERVER: Start... port: 20026 pwd:/Users/ju/Desktop/injection pid:89041
[2021-06-12T02:07:23.497] [INFO] default - SERVER: Start... port: 20026 pwd:/Users/ju/Desktop/injection pid:89059
[2021-06-12T02:08:13.650] [INFO] default - SERVER: Start... port: 20026 pwd:/Users/ju/Desktop/injection pid:89074
[2021-06-12T02:08:17.664] [INFO] default - SERVER: Start... port: 20026 pwd:/Users/ju/Desktop/injection pid:89080
[2021-06-12T02:08:25.600] [INFO] default - SERVER: Start... port: 20026 pwd:/Users/ju/Desktop/injection pid:89088
[2021-06-12T02:08:42.470] [INFO] default - SERVER: Start... port: 20026 pwd:/Users/ju/Desktop/injection pid:89095
[2021-06-12T02:08:58.848] [INFO] default - SERVER: Start... port: 20026 pwd:/Users/ju/Desktop/injection pid:89108
[2021-06-12T02:09:38.749] [INFO] default - SERVER: Start... port: 20026 pwd:/Users/ju/Desktop/injection pid:89120
[2021-06-12T02:09:59.568] [INFO] default - SERVER: Start... port: 20026 pwd:/Users/ju/Desktop/injection pid:89129
[2021-06-12T02:10:02.069] [INFO] default - SERVER: Start... port: 20026 pwd:/Users/ju/Desktop/injection pid:89137
[2021-06-12T02:12:17.102] [INFO] default - SERVER: Start... port: 20026 pwd:/Users/ju/Desktop/injection pid:89164
[2021-06-12T02:12:36.611] [INFO] default - SERVER: Start... port: 20026 pwd:/Users/ju/Desktop/injection pid:89185
[2021-06-12T02:12:39.965] [INFO] default - SERVER: Start... port: 20026 pwd:/Users/ju/Desktop/injection pid:89193
[2021-06-12T02:13:10.429] [INFO] default - SERVER: Start... port: 20026 pwd:/Users/ju/Desktop/injection pid:89212
[2021-06-12T02:14:16.333] [INFO] default - SERVER: Start... port: 20026 pwd:/Users/ju/Desktop/injection pid:89227
[2021-06-12T02:14:41.023] [INFO] default - SERVER: Start... port: 20026 pwd:/Users/ju/Desktop/injection pid:89241
[2021-06-12T02:14:59.226] [INFO] default - SERVER: Start... port: 20026 pwd:/Users/ju/Desktop/injection pid:89250
[2021-06-12T02:16:01.537] [INFO] default - SERVER: Start... port: 20026 pwd:/Users/ju/Desktop/injection pid:89269
[2021-06-12T02:16:02.302] [INFO] default - SERVER: Start... port: 20026 pwd:/Users/ju/Desktop/injection pid:89280
[2021-06-12T02:16:20.772] [INFO] default - SERVER: Start... port: 20026 pwd:/Users/ju/Desktop/injection pid:89293
[2021-06-12T02:16:40.280] [INFO] default - SERVER: Start... port: 20026 pwd:/Users/ju/Desktop/injection pid:89307
[2021-06-12T02:16:52.041] [INFO] default - SERVER: Start... port: 20026 pwd:/Users/ju/Desktop/injection pid:89313
[2021-06-12T02:18:29.178] [INFO] default - SERVER: Start... port: 20026 pwd:/Users/ju/Desktop/injection pid:89338
[2021-06-12T02:18:32.752] [INFO] default - SERVER: Start... port: 20026 pwd:/Users/ju/Desktop/injection pid:89345
[2021-06-12T02:18:57.421] [INFO] default - SERVER: Start... port: 20026 pwd:/Users/ju/Desktop/injection pid:89360
[2021-06-12T02:19:23.812] [INFO] default - SERVER: Start... port: 20026 pwd:/Users/ju/Desktop/injection pid:89372
[2021-06-12T02:19:29.573] [INFO] default - SERVER: Start... port: 20026 pwd:/Users/ju/Desktop/injection pid:89379
[2021-06-12T02:19:43.059] [INFO] default - SERVER: Start... port: 20026 pwd:/Users/ju/Desktop/injection pid:89387
[2021-06-12T02:21:17.116] [INFO] default - SERVER: Start... port: 20026 pwd:/Users/ju/Desktop/injection pid:89414
[2021-06-12T02:21:21.571] [INFO] default - SERVER: Start... port: 20026 pwd:/Users/ju/Desktop/injection pid:89417
[2021-06-12T02:21:33.677] [INFO] default - SERVER: Start... port: 20026 pwd:/Users/ju/Desktop/injection pid:89424
[2021-06-12T02:21:49.900] [INFO] default - SERVER: Start... port: 20026 pwd:/Users/ju/Desktop/injection pid:89436
[2021-06-12T02:22:35.418] [INFO] default - SERVER: Start... port: 20026 pwd:/Users/ju/Desktop/injection pid:89465
[2021-06-12T02:22:46.263] [INFO] default - SERVER: Start... port: 20026 pwd:/Users/ju/Desktop/injection pid:89475
[2021-06-12T02:23:09.884] [INFO] default - SERVER: Start... port: 20026 pwd:/Users/ju/Desktop/injection pid:89481
[2021-06-12T02:23:15.413] [INFO] default - SERVER: Start... port: 20026 pwd:/Users/ju/Desktop/injection pid:89491
[2021-06-12T02:23:20.214] [INFO] default - SERVER: Start... port: 20026 pwd:/Users/ju/Desktop/injection pid:89496
[2021-06-12T02:23:31.287] [INFO] default - SERVER: Start... port: 20026 pwd:/Users/ju/Desktop/injection pid:89502
[2021-06-12T02:25:51.245] [INFO] default - SERVER: Start... port: 20026 pwd:/Users/ju/Desktop/injection pid:89541
[2021-06-12T02:26:36.960] [INFO] default - SERVER: Start... port: 20026 pwd:/Users/ju/Desktop/injection pid:89552
[2021-06-12T02:27:04.868] [INFO] default - SERVER: Start... port: 20026 pwd:/Users/ju/Desktop/injection pid:89565
[2021-06-12T02:27:14.682] [INFO] default - SERVER: Start... port: 20026 pwd:/Users/ju/Desktop/injection pid:89572
[2021-06-12T02:27:50.489] [INFO] default - SERVER: Start... port: 20026 pwd:/Users/ju/Desktop/injection pid:89581
[2021-06-12T02:27:56.376] [INFO] default - SERVER: Start... port: 20026 pwd:/Users/ju/Desktop/injection pid:89587
[2021-06-12T02:28:09.881] [INFO] default - SERVER: Start... port: 20026 pwd:/Users/ju/Desktop/injection pid:89595
[2021-06-12T02:28:12.852] [INFO] default - SERVER: Start... port: 20026 pwd:/Users/ju/Desktop/injection pid:89605
[2021-06-12T02:28:38.465] [INFO] default - SERVER: Start... port: 20026 pwd:/Users/ju/Desktop/injection pid:89614
[2021-06-12T02:28:48.712] [INFO] default - SERVER: Start... port: 20026 pwd:/Users/ju/Desktop/injection pid:89622
[2021-06-12T02:28:49.743] [INFO] default - SERVER: Start... port: 20026 pwd:/Users/ju/Desktop/injection pid:89626
[2021-06-12T02:28:55.801] [INFO] default - SERVER: Start... port: 20026 pwd:/Users/ju/Desktop/injection pid:89632
[2021-06-12T02:28:58.367] [INFO] default - SERVER: Start... port: 20026 pwd:/Users/ju/Desktop/injection pid:89640
[2021-06-12T02:29:01.103] [INFO] default - SERVER: Start... port: 20026 pwd:/Users/ju/Desktop/injection pid:89650
[2021-06-12T02:29:08.176] [INFO] default - SERVER: Start... port: 20026 pwd:/Users/ju/Desktop/injection pid:89655
[2021-06-12T02:29:41.148] [INFO] default - SERVER: Start... port: 20026 pwd:/Users/ju/Desktop/injection pid:89671
[2021-06-12T02:30:09.537] [INFO] default - SERVER: Start... port: 20026 pwd:/Users/ju/Desktop/injection pid:89683
[2021-06-12T02:30:34.605] [INFO] default - SERVER: Start... port: 20026 pwd:/Users/ju/Desktop/injection pid:89698
[2021-06-12T02:31:08.873] [INFO] default - SERVER: Start... port: 20026 pwd:/Users/ju/Desktop/injection pid:89710
[2021-06-12T02:31:11.525] [INFO] default - SERVER: Start... port: 20026 pwd:/Users/ju/Desktop/injection pid:89715
[2021-06-12T02:31:15.322] [INFO] default - SERVER: Start... port: 20026 pwd:/Users/ju/Desktop/injection pid:89720
[2021-06-12T02:31:19.346] [INFO] default - SERVER: Start... port: 20026 pwd:/Users/ju/Desktop/injection pid:89725
[2021-06-12T02:31:58.433] [INFO] default - SERVER: Start... port: 20026 pwd:/Users/ju/Desktop/injection pid:89742
[2021-06-12T02:32:06.418] [INFO] default - SERVER: Start... port: 20026 pwd:/Users/ju/Desktop/injection pid:89752
[2021-06-12T02:32:18.582] [INFO] default - SERVER: Start... port: 20026 pwd:/Users/ju/Desktop/injection pid:89761
[2021-06-12T02:32:22.800] [INFO] default - SERVER: Start... port: 20026 pwd:/Users/ju/Desktop/injection pid:89765
[2021-06-12T02:32:24.586] [INFO] default - SERVER: Start... port: 20026 pwd:/Users/ju/Desktop/injection pid:89770
[2021-06-12T02:32:39.134] [INFO] default - SERVER: Start... port: 20026 pwd:/Users/ju/Desktop/injection pid:89778
[2021-06-12T02:38:54.681] [INFO] default - SERVER: Start... port: 20026 pwd:/Users/ju/Desktop/injection pid:89836
[2021-06-12T02:39:05.279] [INFO] default - SERVER: Start... port: 20026 pwd:/Users/ju/Desktop/injection pid:89840
[2021-06-12T02:39:45.494] [INFO] default - SERVER: Start... port: 20026 pwd:/Users/ju/Desktop/injection pid:89854
[2021-06-12T02:40:14.726] [INFO] default - SERVER: Start... port: 20026 pwd:/Users/ju/Desktop/injection pid:89864
[2021-06-12T02:40:26.295] [INFO] default - SERVER: Start... port: 20026 pwd:/Users/ju/Desktop/injection pid:89875
[2021-06-12T02:40:41.689] [INFO] default - SERVER: Start... port: 20026 pwd:/Users/ju/Desktop/injection pid:89883
[2021-06-12T02:47:57.673] [INFO] default - SERVER: Start... port: 20026 pwd:/Users/ju/Desktop/injection pid:90003
[2021-06-12T02:48:13.736] [INFO] default - SERVER: Start... port: 20026 pwd:/Users/ju/Desktop/injection pid:90022
[2021-06-12T02:48:32.094] [INFO] default - SERVER: Start... port: 20026 pwd:/Users/ju/Desktop/injection pid:90029
[2021-06-12T02:49:01.420] [INFO] default - SERVER: Start... port: 20026 pwd:/Users/ju/Desktop/injection pid:90041
[2021-06-12T02:49:02.530] [INFO] default - SERVER: Start... port: 20026 pwd:/Users/ju/Desktop/injection pid:90046
[2021-06-12T02:49:08.800] [INFO] default - SERVER: Start... port: 20026 pwd:/Users/ju/Desktop/injection pid:90057
[2021-06-12T02:49:31.428] [INFO] default - SERVER: Start... port: 20026 pwd:/Users/ju/Desktop/injection pid:90070
[2021-06-12T02:49:47.543] [INFO] default - SERVER: Start... port: 20026 pwd:/Users/ju/Desktop/injection pid:90075
[2021-06-12T02:49:54.172] [INFO] default - SERVER: Start... port: 20026 pwd:/Users/ju/Desktop/injection pid:90080
[2021-06-12T02:50:13.131] [INFO] default - SERVER: Start... port: 20026 pwd:/Users/ju/Desktop/injection pid:90090
[2021-06-12T02:50:27.687] [INFO] default - SERVER: Start... port: 20026 pwd:/Users/ju/Desktop/injection pid:90098
[2021-06-12T02:50:51.241] [INFO] default - SERVER: Start... port: 20026 pwd:/Users/ju/Desktop/injection pid:90110
[2021-06-12T02:51:05.853] [INFO] default - SERVER: Start... port: 20026 pwd:/Users/ju/Desktop/injection pid:90121
[2021-06-12T02:51:15.613] [INFO] default - SERVER: Start... port: 20026 pwd:/Users/ju/Desktop/injection pid:90127
[2021-06-12T02:51:21.959] [INFO] default - SERVER: Start... port: 20026 pwd:/Users/ju/Desktop/injection pid:90131
[2021-06-12T02:51:29.622] [INFO] default - SERVER: Start... port: 20026 pwd:/Users/ju/Desktop/injection pid:90136
[2021-06-12T02:52:32.493] [INFO] default - SERVER: Start... port: 20026 pwd:/Users/ju/Desktop/injection pid:90154
[2021-06-12T02:52:37.380] [INFO] default - SERVER: Start... port: 20026 pwd:/Users/ju/Desktop/injection pid:90168
[2021-06-12T02:52:54.252] [INFO] default - SERVER: Start... port: 20026 pwd:/Users/ju/Desktop/injection pid:90175
[2021-06-12T02:53:20.203] [INFO] default - SERVER: Start... port: 20026 pwd:/Users/ju/Desktop/injection pid:90182
[2021-06-12T02:53:36.672] [INFO] default - SERVER: Start... port: 20026 pwd:/Users/ju/Desktop/injection pid:90193
[2021-06-12T02:53:55.923] [INFO] default - SERVER: Start... port: 20026 pwd:/Users/ju/Desktop/injection pid:90202
[2021-06-12T02:54:11.622] [INFO] default - SERVER: Start... port: 20026 pwd:/Users/ju/Desktop/injection pid:90225
[2021-06-12T02:54:26.297] [INFO] default - SERVER: Start... port: 20026 pwd:/Users/ju/Desktop/injection pid:90239
[2021-06-12T02:55:47.367] [INFO] default - SERVER: Start... port: 20026 pwd:/Users/ju/Desktop/injection pid:90273
[2021-06-12T02:56:02.739] [INFO] default - SERVER: Start... port: 20026 pwd:/Users/ju/Desktop/injection pid:90280
[2021-06-12T02:56:04.294] [INFO] default - SERVER: Start... port: 20026 pwd:/Users/ju/Desktop/injection pid:90285
[2021-06-12T02:56:31.540] [INFO] default - SERVER: Start... port: 20026 pwd:/Users/ju/Desktop/injection pid:90292
[2021-06-12T02:56:53.632] [INFO] default - SERVER: Start... port: 20026 pwd:/Users/ju/Desktop/injection pid:90302
[2021-06-12T02:57:03.212] [INFO] default - SERVER: Start... port: 20026 pwd:/Users/ju/Desktop/injection pid:90307
[2021-06-12T02:59:10.229] [INFO] default - SERVER: Start... port: 20026 pwd:/Users/ju/Desktop/injection pid:90329
[2021-06-12T03:00:31.888] [INFO] default - SERVER: Start... port: 20026 pwd:/Users/ju/Desktop/injection pid:90365
[2021-06-12T03:00:33.719] [INFO] default - SERVER: Start... port: 20026 pwd:/Users/ju/Desktop/injection pid:90368
[2021-06-12T03:01:00.062] [INFO] default - SERVER: Start... port: 20026 pwd:/Users/ju/Desktop/injection pid:90378
[2021-06-12T03:01:03.841] [INFO] default - SERVER: Start... port: 20026 pwd:/Users/ju/Desktop/injection pid:90383
[2021-06-12T03:01:41.502] [INFO] default - SERVER: Start... port: 20026 pwd:/Users/ju/Desktop/injection pid:90414
[2021-06-12T03:01:42.410] [INFO] default - SERVER: Start... port: 20026 pwd:/Users/ju/Desktop/injection pid:90420
[2021-06-12T03:01:56.349] [INFO] default - SERVER: Start... port: 20026 pwd:/Users/ju/Desktop/injection pid:90446
[2021-06-12T03:02:03.093] [INFO] default - SERVER: Start... port: 20026 pwd:/Users/ju/Desktop/injection pid:90460
[2021-06-12T03:02:11.139] [INFO] default - SERVER: Start... port: 20026 pwd:/Users/ju/Desktop/injection pid:90476
[2021-06-12T03:02:37.271] [INFO] default - SERVER: Start... port: 20026 pwd:/Users/ju/Desktop/injection pid:90490
[2021-06-12T03:03:06.390] [INFO] default - SERVER: Start... port: 20026 pwd:/Users/ju/Desktop/injection pid:90514
[2021-06-12T03:03:34.648] [INFO] default - SERVER: Start... port: 20026 pwd:/Users/ju/Desktop/injection pid:90521
[2021-06-12T03:03:36.822] [INFO] default - SERVER: Start... port: 20026 pwd:/Users/ju/Desktop/injection pid:90525
[2021-06-12T03:03:41.253] [INFO] default - SERVER: Start... port: 20026 pwd:/Users/ju/Desktop/injection pid:90534
[2021-06-12T03:03:58.115] [INFO] default - SERVER: Start... port: 20026 pwd:/Users/ju/Desktop/injection pid:90543
[2021-06-12T03:04:09.193] [INFO] default - SERVER: Start... port: 20026 pwd:/Users/ju/Desktop/injection pid:90555
[2021-06-12T03:04:32.362] [INFO] default - SERVER: Start... port: 20026 pwd:/Users/ju/Desktop/injection pid:90567
[2021-06-12T03:04:35.476] [INFO] default - SERVER: Start... port: 20026 pwd:/Users/ju/Desktop/injection pid:90571
[2021-06-12T03:05:05.627] [INFO] default - SERVER: Start... port: 20026 pwd:/Users/ju/Desktop/injection pid:90579
[2021-06-12T03:05:59.942] [INFO] default - SERVER: Start... port: 20026 pwd:/Users/ju/Desktop/injection pid:90597
[2021-06-12T03:06:00.718] [INFO] default - SERVER: Start... port: 20026 pwd:/Users/ju/Desktop/injection pid:90600
[2021-06-12T03:06:14.524] [INFO] default - SERVER: Start... port: 20026 pwd:/Users/ju/Desktop/injection pid:90607
[2021-06-12T03:06:21.930] [INFO] default - SERVER: Start... port: 20026 pwd:/Users/ju/Desktop/injection pid:90611
[2021-06-12T03:06:29.971] [INFO] default - SERVER: Start... port: 20026 pwd:/Users/ju/Desktop/injection pid:90619
[2021-06-12T03:07:30.996] [INFO] default - SERVER: Start... port: 20026 pwd:/Users/ju/Desktop/injection pid:90634
[2021-06-12T03:31:46.497] [INFO] default - SERVER: Start... port: 20026 pwd:/Users/ju/Desktop/injection pid:91041
[2021-06-12T03:31:56.859] [INFO] default - SERVER: Start... port: 20026 pwd:/Users/ju/Desktop/injection pid:91049
[2021-06-12T03:32:11.741] [INFO] default - SERVER: Start... port: 20026 pwd:/Users/ju/Desktop/injection pid:91059
[2021-06-12T03:32:26.757] [INFO] default - SERVER: Start... port: 20026 pwd:/Users/ju/Desktop/injection pid:91064
[2021-06-12T03:32:31.251] [INFO] default - SERVER: Start... port: 20026 pwd:/Users/ju/Desktop/injection pid:91069
[2021-06-12T03:32:33.421] [INFO] default - SERVER: Start... port: 20026 pwd:/Users/ju/Desktop/injection pid:91073
[2021-06-12T03:33:55.951] [INFO] default - SERVER: Start... port: 20026 pwd:/Users/ju/Desktop/injection pid:91170
[2021-06-12T03:34:07.670] [INFO] default - SERVER: Start... port: 20026 pwd:/Users/ju/Desktop/injection pid:91176
[2021-06-12T03:44:45.733] [INFO] default - SERVER: Start... port: 20026 pwd:/Users/ju/Desktop/injection pid:91447
[2021-06-12T03:44:53.727] [INFO] default - SERVER: Start... port: 20026 pwd:/Users/ju/Desktop/injection pid:91452
[2021-06-12T03:48:19.133] [INFO] default - SERVER: Start... port: 20026 pwd:/Users/ju/Desktop/injection pid:91551
[2021-06-12T03:49:31.492] [INFO] default - SERVER: Start... port: 20026 pwd:/Users/ju/Desktop/injection pid:91568
[2021-06-12T03:49:35.710] [INFO] default - SERVER: Start... port: 20026 pwd:/Users/ju/Desktop/injection pid:91580
[2021-06-12T03:50:32.668] [INFO] default - SERVER: Start... port: 20026 pwd:/Users/ju/Desktop/injection pid:91602
[2021-06-12T03:50:38.071] [INFO] default - SERVER: Start... port: 20026 pwd:/Users/ju/Desktop/injection pid:91608
[2021-06-12T03:50:52.631] [INFO] default - SERVER: Start... port: 20026 pwd:/Users/ju/Desktop/injection pid:91615
[2021-06-12T03:53:56.421] [INFO] default - SERVER: Start... port: 20026 pwd:/Users/ju/Desktop/injection pid:91660
[2021-06-12T03:54:13.579] [INFO] default - SERVER: Start... port: 20026 pwd:/Users/ju/Desktop/injection pid:91672
[2021-06-12T03:54:14.927] [INFO] default - SERVER: Start... port: 20026 pwd:/Users/ju/Desktop/injection pid:91679
[2021-06-12T04:05:09.469] [INFO] default - SERVER: Start... port: 20026 pwd:/Users/ju/Desktop/injection pid:91796
[2021-06-12T04:05:16.402] [INFO] default - SERVER: Start... port: 20026 pwd:/Users/ju/Desktop/injection pid:91804
[2021-06-12T04:05:18.648] [INFO] default - SERVER: Start... port: 20026 pwd:/Users/ju/Desktop/injection pid:91812
[2021-06-12T04:05:22.963] [INFO] default - SERVER: Start... port: 20026 pwd:/Users/ju/Desktop/injection pid:91817
[2021-06-12T04:05:27.588] [INFO] default - SERVER: Start... port: 20026 pwd:/Users/ju/Desktop/injection pid:91825
[2021-06-12T04:09:17.688] [INFO] default - SERVER: Start... port: 20026 pwd:/Users/ju/Desktop/injection pid:91868
[2021-06-12T04:09:41.113] [INFO] default - SERVER: Start... port: 20026 pwd:/Users/ju/Desktop/injection pid:91883
[2021-06-12T04:09:49.994] [INFO] default - SERVER: Start... port: 20026 pwd:/Users/ju/Desktop/injection pid:91891
[2021-06-12T04:09:57.492] [INFO] default - SERVER: Start... port: 20026 pwd:/Users/ju/Desktop/injection pid:91895
[2021-06-12T04:10:05.373] [INFO] default - SERVER: Start... port: 20026 pwd:/Users/ju/Desktop/injection pid:91899
[2021-06-12T04:10:09.449] [INFO] default - SERVER: all users request message sent
[2021-06-12T04:10:32.137] [INFO] default - SERVER: Start... port: 20026 pwd:/Users/ju/Desktop/injection pid:91909
[2021-06-12T04:10:33.560] [INFO] default - SERVER: request /users - message sent
[2021-06-12T04:10:51.401] [INFO] default - SERVER: Start... port: 20026 pwd:/Users/ju/Desktop/injection pid:91916
[2021-06-12T04:10:52.450] [INFO] default - SERVER: Request /users - message sent
[2021-06-12T04:13:07.848] [INFO] default - SERVER: Start... port: 20026 pwd:/Users/ju/Desktop/injection pid:91953
[2021-06-12T04:24:08.545] [INFO] default - SERVER: Start... port: 20026 pwd:/Users/ju/Desktop/injection pid:92074
[2021-06-12T04:24:13.939] [INFO] default - SERVER: Start... port: 20026 pwd:/Users/ju/Desktop/injection pid:92080
[2021-06-12T04:26:36.172] [INFO] default - SERVER: Request /users - message sent
[2021-06-12T04:57:26.702] [INFO] default - SERVER: Start... port: 20026 pwd:/Users/ju/Desktop/injection pid:92454
[2021-06-12T04:57:46.538] [ERROR] error - SERVER: Error {}
[2021-06-12T04:58:16.549] [INFO] default - SERVER: Start... port: 20026 pwd:/Users/ju/Desktop/injection pid:92484
[2021-06-12T04:58:18.451] [INFO] default - SERVER: Request /users - message sent
[2021-06-12T04:58:35.655] [INFO] default - SERVER: Start... port: 20026 pwd:/Users/ju/Desktop/injection pid:92499
[2021-06-12T04:59:56.332] [INFO] default - SERVER: Start... port: 20026 pwd:/Users/ju/Desktop/injection pid:92514
[2021-06-12T05:00:23.588] [INFO] default - SERVER: Start... port: 20026 pwd:/Users/ju/Desktop/injection pid:92528
[2021-06-12T05:00:28.311] [INFO] default - SERVER: Request /users - message sent
[2021-06-12T10:34:01.587] [INFO] default - SERVER: Start... port: 20026 pwd:/Users/ju/Desktop/injection pid:92941
[2021-06-12T10:34:07.583] [INFO] default - SERVER: Start... port: 20026 pwd:/Users/ju/Desktop/injection pid:92953
[2021-06-12T10:34:36.673] [INFO] default - SERVER: Start... port: 20026 pwd:/Users/ju/Desktop/injection pid:92961
[2021-06-12T10:34:45.642] [INFO] default - SERVER: Start... port: 20026 pwd:/Users/ju/Desktop/injection pid:92973
[2021-06-12T10:40:39.337] [INFO] default - SERVER: Start... port: 20026 pwd:/Users/ju/Desktop/injection pid:93046
[2021-06-12T10:41:22.756] [INFO] default - SERVER: Start... port: 20026 pwd:/Users/ju/Desktop/injection pid:93055
[2021-06-12T10:41:28.461] [INFO] default - SERVER: Start... port: 20026 pwd:/Users/ju/Desktop/injection pid:93061
[2021-06-12T10:46:15.918] [INFO] default - SERVER: Start... port: 20026 pwd:/Users/ju/Desktop/injection pid:93105
[2021-06-12T10:46:17.950] [INFO] default - SERVER: Start... port: 20026 pwd:/Users/ju/Desktop/injection pid:93113
[2021-06-12T10:47:59.231] [INFO] default - SERVER: Start... port: 20026 pwd:/Users/ju/Desktop/injection pid:93147
[2021-06-12T10:52:13.995] [INFO] default - SERVER: Start... port: 20026 pwd:/Users/ju/Desktop/injection pid:93186
[2021-06-12T11:29:17.682] [INFO] default - SERVER: Start... port: 20026 pwd:/Users/ju/Desktop/injection pid:93617
[2021-06-12T11:29:26.271] [ERROR] error - SERVER: Error {}
[2021-06-12T11:29:41.304] [INFO] default - SERVER: Start... port: 20026 pwd:/Users/ju/Desktop/injection pid:93632
[2021-06-12T11:30:08.372] [INFO] default - SERVER: Start... port: 20026 pwd:/Users/ju/Desktop/injection pid:93644
[2021-06-12T11:30:44.865] [INFO] default - SERVER: Start... port: 20026 pwd:/Users/ju/Desktop/injection pid:93676
[2021-06-12T11:31:49.285] [INFO] default - SERVER: Start... port: 20026 pwd:/Users/ju/Desktop/injection pid:93695
[2021-06-12T11:32:38.982] [INFO] default - SERVER: Start... port: 20026 pwd:/Users/ju/Desktop/injection pid:93708
[2021-06-12T11:33:01.092] [INFO] default - SERVER: Start... port: 20026 pwd:/Users/ju/Desktop/injection pid:93728
[2021-06-12T11:33:03.736] [INFO] default - SERVER: Start... port: 20026 pwd:/Users/ju/Desktop/injection pid:93732
[2021-06-12T11:33:09.725] [INFO] default - SERVER: Start... port: 20026 pwd:/Users/ju/Desktop/injection pid:93736
[2021-06-12T11:33:14.659] [INFO] default - SERVER: Start... port: 20026 pwd:/Users/ju/Desktop/injection pid:93745
[2021-06-12T11:33:39.215] [INFO] default - SERVER: Start... port: 20026 pwd:/Users/ju/Desktop/injection pid:93752
[2021-06-12T11:33:46.477] [INFO] default - SERVER: Start... port: 20026 pwd:/Users/ju/Desktop/injection pid:93756
[2021-06-12T11:35:03.360] [INFO] default - SERVER: Start... port: 20026 pwd:/Users/ju/Desktop/injection pid:93783
[2021-06-12T11:35:18.226] [INFO] default - SERVER: Start... port: 20026 pwd:/Users/ju/Desktop/injection pid:93791
[2021-06-12T11:35:20.497] [INFO] default - SERVER: Start... port: 20026 pwd:/Users/ju/Desktop/injection pid:93795
[2021-06-12T11:37:30.743] [INFO] default - SERVER: Start... port: 20026 pwd:/Users/ju/Desktop/injection pid:93823
[2021-06-12T11:37:40.804] [INFO] default - SERVER: Start... port: 20026 pwd:/Users/ju/Desktop/injection pid:93832
[2021-06-12T11:37:58.173] [INFO] default - SERVER: Start... port: 20026 pwd:/Users/ju/Desktop/injection pid:93838
[2021-06-12T11:38:35.134] [INFO] default - SERVER: Start... port: 20026 pwd:/Users/ju/Desktop/injection pid:93851
[2021-06-12T11:39:09.108] [INFO] default - SERVER: Start... port: 20026 pwd:/Users/ju/Desktop/injection pid:93862
[2021-06-12T11:39:16.959] [INFO] default - SERVER: Start... port: 20026 pwd:/Users/ju/Desktop/injection pid:93868
[2021-06-12T11:39:53.998] [INFO] default - SERVER: Start... port: 20026 pwd:/Users/ju/Desktop/injection pid:93880
[2021-06-12T11:40:12.891] [INFO] default - SERVER: Start... port: 20026 pwd:/Users/ju/Desktop/injection pid:93888
[2021-06-12T11:40:29.382] [INFO] default - SERVER: Start... port: 20026 pwd:/Users/ju/Desktop/injection pid:93893
[2021-06-12T11:40:32.468] [INFO] default - SERVER: Start... port: 20026 pwd:/Users/ju/Desktop/injection pid:93897
[2021-06-12T11:41:05.291] [INFO] default - SERVER: Start... port: 20026 pwd:/Users/ju/Desktop/injection pid:93912
[2021-06-12T11:41:37.406] [INFO] default - SERVER: Start... port: 20026 pwd:/Users/ju/Desktop/injection pid:93924
[2021-06-12T11:41:39.582] [INFO] default - SERVER: Start... port: 20026 pwd:/Users/ju/Desktop/injection pid:93928
[2021-06-12T11:41:45.718] [INFO] default - SERVER: Start... port: 20026 pwd:/Users/ju/Desktop/injection pid:93932
[2021-06-12T11:42:59.670] [INFO] default - SERVER: Start... port: 20026 pwd:/Users/ju/Desktop/injection pid:93951
[2021-06-12T11:43:07.538] [INFO] default - SERVER: Start... port: 20026 pwd:/Users/ju/Desktop/injection pid:93960
[2021-06-12T11:43:20.585] [INFO] default - SERVER: Start... port: 20026 pwd:/Users/ju/Desktop/injection pid:93966
[2021-06-12T11:43:30.155] [INFO] default - SERVER: Start... port: 20026 pwd:/Users/ju/Desktop/injection pid:93971
[2021-06-12T11:44:15.466] [INFO] default - SERVER: Start... port: 20026 pwd:/Users/ju/Desktop/injection pid:93981
[2021-06-12T11:44:47.902] [INFO] default - SERVER: Start... port: 20026 pwd:/Users/ju/Desktop/injection pid:93993
[2021-06-12T11:45:08.842] [ERROR] error - SERVER: Error {}
[2021-06-12T11:45:29.302] [INFO] default - SERVER: Start... port: 20026 pwd:/Users/ju/Desktop/injection pid:94010
[2021-06-12T11:45:34.514] [INFO] default - SERVER: Start... port: 20026 pwd:/Users/ju/Desktop/injection pid:94013
[2021-06-12T11:45:35.270] [ERROR] error - SERVER: Error {}
[2021-06-12T11:45:43.962] [INFO] default - SERVER: Start... port: 20026 pwd:/Users/ju/Desktop/injection pid:94020
[2021-06-12T11:45:45.093] [ERROR] error - SERVER: Error {}
[2021-06-12T11:47:06.456] [INFO] default - SERVER: Start... port: 20026 pwd:/Users/ju/Desktop/injection pid:94039
[2021-06-12T11:47:36.615] [INFO] default - SERVER: Start... port: 20026 pwd:/Users/ju/Desktop/injection pid:94051
[2021-06-12T11:47:41.886] [INFO] default - SERVER: Start... port: 20026 pwd:/Users/ju/Desktop/injection pid:94055
[2021-06-12T11:47:43.393] [ERROR] error - SERVER: Error {}
[2021-06-12T11:47:46.521] [INFO] default - SERVER: Start... port: 20026 pwd:/Users/ju/Desktop/injection pid:94064
[2021-06-12T11:47:47.123] [ERROR] error - SERVER: Error {}
[2021-06-12T11:48:08.997] [INFO] default - SERVER: Start... port: 20026 pwd:/Users/ju/Desktop/injection pid:94076
[2021-06-12T11:48:09.065] [ERROR] error - SERVER: Error {}
[2021-06-12T11:48:11.751] [INFO] default - SERVER: Start... port: 20026 pwd:/Users/ju/Desktop/injection pid:94083
[2021-06-12T11:48:12.196] [ERROR] error - SERVER: Error {}
[2021-06-12T11:55:44.724] [INFO] default - SERVER: Start... port: 20026 pwd:/Users/ju/Desktop/injection pid:6830
[2021-06-12T11:55:56.934] [ERROR] error - SERVER: Error {}
[2021-06-12T11:55:59.963] [INFO] default - SERVER: Request /users - message sent
[2021-06-12T11:56:12.004] [INFO] default - SERVER: Start... port: 20026 pwd:/Users/ju/Desktop/injection pid:7254
[2021-06-12T11:56:13.612] [INFO] default - SERVER: Request /users - message sent
[2021-06-12T11:56:46.460] [INFO] default - SERVER: Start... port: 20026 pwd:/Users/ju/Desktop/injection pid:8290
[2021-06-12T11:56:51.282] [INFO] default - SERVER: Start... port: 20026 pwd:/Users/ju/Desktop/injection pid:8406
[2021-06-12T11:57:44.140] [INFO] default - SERVER: Start... port: 20026 pwd:/Users/ju/Desktop/injection pid:9933
[2021-06-12T11:58:04.233] [INFO] default - SERVER: Start... port: 20026 pwd:/Users/ju/Desktop/injection pid:10383
[2021-06-12T11:58:16.208] [ERROR] error - SERVER: Error {}
[2021-06-12T11:58:48.668] [INFO] default - SERVER: Start... port: 20026 pwd:/Users/ju/Desktop/injection pid:11551
[2021-06-12T11:58:48.924] [ERROR] error - SERVER: Error {}
[2021-06-12T11:58:49.460] [ERROR] error - SERVER: Error {}
[2021-06-12T11:59:03.443] [INFO] default - SERVER: Start... port: 20026 pwd:/Users/ju/Desktop/injection pid:11879
[2021-06-12T11:59:04.215] [INFO] default - SERVER: Request /users - message sent
[2021-06-12T12:00:12.744] [INFO] default - SERVER: Start... port: 20026 pwd:/Users/ju/Desktop/injection pid:13615
[2021-06-12T12:00:15.540] [INFO] default - SERVER: Start... port: 20026 pwd:/Users/ju/Desktop/injection pid:13680
[2021-06-12T12:00:57.434] [INFO] default - SERVER: Start... port: 20026 pwd:/Users/ju/Desktop/injection pid:14552
[2021-06-12T12:01:50.280] [INFO] default - SERVER: Start... port: 20026 pwd:/Users/ju/Desktop/injection pid:15164
[2021-06-12T12:02:03.550] [INFO] default - SERVER: Start... port: 20026 pwd:/Users/ju/Desktop/injection pid:15329
[2021-06-12T12:02:11.462] [INFO] default - SERVER: Start... port: 20026 pwd:/Users/ju/Desktop/injection pid:15498
[2021-06-12T12:02:16.890] [INFO] default - SERVER: Start... port: 20026 pwd:/Users/ju/Desktop/injection pid:15607
[2021-06-12T12:02:39.306] [INFO] default - SERVER: Request /users - message sent
[2021-06-12T12:03:31.051] [INFO] default - SERVER: Start... port: 20026 pwd:/Users/ju/Desktop/injection pid:17662
[2021-06-12T12:03:40.037] [INFO] default - SERVER: Start... port: 20026 pwd:/Users/ju/Desktop/injection pid:17847
[2021-06-12T12:03:55.508] [INFO] default - SERVER: Start... port: 20026 pwd:/Users/ju/Desktop/injection pid:18262
[2021-06-12T12:03:58.911] [INFO] default - SERVER: Start... port: 20026 pwd:/Users/ju/Desktop/injection pid:18330
[2021-06-12T12:04:41.244] [INFO] default - SERVER: Start... port: 20026 pwd:/Users/ju/Desktop/injection pid:18698
[2021-06-12T12:05:03.473] [INFO] default - SERVER: Start... port: 20026 pwd:/Users/ju/Desktop/injection pid:18702
[2021-06-12T12:05:09.222] [INFO] default - SERVER: Start... port: 20026 pwd:/Users/ju/Desktop/injection pid:18711
[2021-06-12T12:05:18.540] [INFO] default - SERVER: Start... port: 20026 pwd:/Users/ju/Desktop/injection pid:18718
[2021-06-12T12:06:41.060] [INFO] default - SERVER: Start... port: 20026 pwd:/Users/ju/Desktop/injection pid:18746
[2021-06-12T12:06:55.073] [INFO] default - SERVER: Start... port: 20026 pwd:/Users/ju/Desktop/injection pid:18750
[2021-06-12T12:07:01.513] [INFO] default - SERVER: Start... port: 20026 pwd:/Users/ju/Desktop/injection pid:18754
[2021-06-12T12:07:03.853] [ERROR] error - SERVER: Error {}
[2021-06-12T12:07:09.346] [ERROR] error - SERVER: Error {}
[2021-06-12T12:07:12.958] [INFO] default - SERVER: Start... port: 20026 pwd:/Users/ju/Desktop/injection pid:18764
[2021-06-12T12:07:13.754] [ERROR] error - SERVER: Error {}
[2021-06-12T12:07:14.727] [ERROR] error - SERVER: Error {}
[2021-06-12T12:07:26.378] [INFO] default - SERVER: Start... port: 20026 pwd:/Users/ju/Desktop/injection pid:18771
[2021-06-12T12:07:27.199] [INFO] default - SERVER: Request /users - message sent
[2021-06-12T12:08:44.153] [INFO] default - SERVER: Start... port: 20026 pwd:/Users/ju/Desktop/injection pid:18804
[2021-06-12T12:08:52.165] [INFO] default - SERVER: Start... port: 20026 pwd:/Users/ju/Desktop/injection pid:18810
[2021-06-12T12:09:02.938] [INFO] default - SERVER: Start... port: 20026 pwd:/Users/ju/Desktop/injection pid:18814
[2021-06-12T12:30:13.058] [INFO] default - SERVER: Start... port: 20026 pwd:/Users/ju/Desktop/injection pid:19298
[2021-06-12T12:30:26.416] [INFO] default - SERVER: Request /users - message sent
[2021-06-12T12:30:33.050] [INFO] default - SERVER: Request /users - message sent
[2021-06-12T12:31:59.902] [INFO] default - SERVER: Start... port: 20026 pwd:/Users/ju/Desktop/injection pid:19404
[2021-06-12T12:32:11.581] [INFO] default - SERVER: Request /users - message sent
[2021-06-12T12:32:14.601] [INFO] default - SERVER: Request /users - message sent
[2021-06-12T12:34:12.173] [INFO] default - SERVER: Start... port: 20026 pwd:/Users/ju/Desktop/injection pid:19434
[2021-06-12T12:34:14.318] [INFO] default - SERVER: Request /users - message sent
[2021-06-12T12:34:30.816] [INFO] default - SERVER: Start... port: 20026 pwd:/Users/ju/Desktop/injection pid:19445
[2021-06-12T12:34:35.884] [INFO] default - SERVER: Request /users - message sent
[2021-06-12T12:34:59.136] [INFO] default - SERVER: Start... port: 20026 pwd:/Users/ju/Desktop/injection pid:19456
[2021-06-12T12:35:00.281] [INFO] default - SERVER: Start... port: 20026 pwd:/Users/ju/Desktop/injection pid:19460
[2021-06-12T12:35:00.762] [INFO] default - SERVER: Request /users - message sent
[2021-06-12T12:35:43.523] [INFO] default - SERVER: Start... port: 20026 pwd:/Users/ju/Desktop/injection pid:19482
[2021-06-12T12:35:56.491] [INFO] default - SERVER: Start... port: 20026 pwd:/Users/ju/Desktop/injection pid:19487
[2021-06-12T12:36:01.397] [INFO] default - SERVER: Request /users - message sent
[2021-06-12T12:36:09.779] [INFO] default - SERVER: Start... port: 20026 pwd:/Users/ju/Desktop/injection pid:19493
[2021-06-12T12:36:10.073] [INFO] default - SERVER: Request /users - message sent
[2021-06-12T12:36:10.556] [INFO] default - SERVER: Request /users - message sent
[2021-06-12T12:36:18.660] [INFO] default - SERVER: Start... port: 20026 pwd:/Users/ju/Desktop/injection pid:19505
[2021-06-12T12:36:47.174] [INFO] default - SERVER: Request /users - message sent
[2021-06-12T12:36:52.161] [INFO] default - SERVER: Start... port: 20026 pwd:/Users/ju/Desktop/injection pid:19515
[2021-06-12T12:36:53.193] [INFO] default - SERVER: Request /users - message sent
[2021-06-12T12:36:55.790] [INFO] default - SERVER: Request /users - message sent
[2021-06-12T12:37:02.138] [INFO] default - SERVER: Request /users - message sent
[2021-06-12T12:37:08.658] [INFO] default - SERVER: Start... port: 20026 pwd:/Users/ju/Desktop/injection pid:19528
[2021-06-12T12:37:42.994] [INFO] default - SERVER: Start... port: 20026 pwd:/Users/ju/Desktop/injection pid:19536
[2021-06-12T12:38:33.302] [INFO] default - SERVER: Start... port: 20026 pwd:/Users/ju/Desktop/injection pid:19551
[2021-06-12T12:38:46.104] [INFO] default - SERVER: Start... port: 20026 pwd:/Users/ju/Desktop/injection pid:19555
[2021-06-12T12:38:54.412] [INFO] default - SERVER: Request /users - message sent
[2021-06-12T12:39:14.761] [INFO] default - SERVER: Start... port: 20026 pwd:/Users/ju/Desktop/injection pid:19566
[2021-06-12T12:39:54.065] [INFO] default - SERVER: Start... port: 20026 pwd:/Users/ju/Desktop/injection pid:19572
[2021-06-12T12:39:57.597] [INFO] default - SERVER: Start... port: 20026 pwd:/Users/ju/Desktop/injection pid:19576
[2021-06-12T12:40:26.985] [INFO] default - SERVER: Start... port: 20026 pwd:/Users/ju/Desktop/injection pid:19581
[2021-06-12T12:40:29.563] [INFO] default - SERVER: Request /users - message sent
[2021-06-12T12:40:56.992] [INFO] default - SERVER: Start... port: 20026 pwd:/Users/ju/Desktop/injection pid:19593
[2021-06-12T12:40:58.780] [INFO] default - SERVER: Request /users - message sent
[2021-06-12T12:41:24.608] [INFO] default - SERVER: Start... port: 20026 pwd:/Users/ju/Desktop/injection pid:19599
[2021-06-12T12:41:25.001] [INFO] default - SERVER: Request /users - message sent
[2021-06-12T12:41:40.515] [INFO] default - SERVER: Start... port: 20026 pwd:/Users/ju/Desktop/injection pid:19607
[2021-06-12T12:41:49.265] [INFO] default - SERVER: Request /users - message sent
[2021-06-12T12:43:19.057] [INFO] default - SERVER: Start... port: 20026 pwd:/Users/ju/Desktop/injection pid:19678
[2021-06-12T12:43:21.833] [ERROR] error - SERVER: Error {}
[2021-06-12T12:43:42.746] [INFO] default - SERVER: Start... port: 20026 pwd:/Users/ju/Desktop/injection pid:19714
[2021-06-12T12:44:08.078] [INFO] default - SERVER: Start... port: 20026 pwd:/Users/ju/Desktop/injection pid:19796
[2021-06-12T12:44:29.139] [INFO] default - SERVER: Start... port: 20026 pwd:/Users/ju/Desktop/injection pid:19802
[2021-06-12T12:44:33.229] [INFO] default - SERVER: Request /users - message sent
[2021-06-12T12:44:42.714] [INFO] default - SERVER: Start... port: 20026 pwd:/Users/ju/Desktop/injection pid:19811
[2021-06-12T12:44:43.106] [INFO] default - SERVER: Request /users - message sent
[2021-06-12T13:13:51.678] [INFO] default - SERVER: Start... port: 20026 pwd:/Users/ju/Desktop/injection pid:20061
[2021-06-12T13:14:03.491] [INFO] default - SERVER: Start... port: 20026 pwd:/Users/ju/Desktop/injection pid:20067
[2021-06-12T13:14:11.598] [INFO] default - SERVER: Start... port: 20026 pwd:/Users/ju/Desktop/injection pid:20076
[2021-06-12T13:14:15.706] [INFO] default - SERVER: Start... port: 20026 pwd:/Users/ju/Desktop/injection pid:20081
[2021-06-12T13:14:28.281] [INFO] default - SERVER: Start... port: 20026 pwd:/Users/ju/Desktop/injection pid:20086
[2021-06-12T13:14:48.274] [INFO] default - SERVER: Start... port: 20026 pwd:/Users/ju/Desktop/injection pid:20095
[2021-06-12T13:15:00.237] [INFO] default - SERVER: Start... port: 20026 pwd:/Users/ju/Desktop/injection pid:20105
[2021-06-12T13:15:23.918] [INFO] default - SERVER: Start... port: 20026 pwd:/Users/ju/Desktop/injection pid:20113
[2021-06-12T13:15:43.322] [INFO] default - SERVER: Start... port: 20026 pwd:/Users/ju/Desktop/injection pid:20117
[2021-06-12T13:15:51.324] [INFO] default - SERVER: Start... port: 20026 pwd:/Users/ju/Desktop/injection pid:20121
[2021-06-12T13:15:54.671] [INFO] default - SERVER: Start... port: 20026 pwd:/Users/ju/Desktop/injection pid:20129
[2021-06-12T13:16:09.842] [INFO] default - SERVER: Start... port: 20026 pwd:/Users/ju/Desktop/injection pid:20135
[2021-06-12T13:17:37.634] [INFO] default - SERVER: Start... port: 20026 pwd:/Users/ju/Desktop/injection pid:20156
[2021-06-12T13:17:43.925] [INFO] default - SERVER: Start... port: 20026 pwd:/Users/ju/Desktop/injection pid:20160
[2021-06-12T13:17:45.171] [INFO] default - SERVER: Start... port: 20026 pwd:/Users/ju/Desktop/injection pid:20164
[2021-06-12T13:17:49.029] [INFO] default - SERVER: Start... port: 20026 pwd:/Users/ju/Desktop/injection pid:20170
[2021-06-12T13:17:54.065] [INFO] default - SERVER: Start... port: 20026 pwd:/Users/ju/Desktop/injection pid:20174
[2021-06-12T13:18:04.304] [INFO] default - SERVER: Start... port: 20026 pwd:/Users/ju/Desktop/injection pid:20178
[2021-06-12T13:18:07.382] [INFO] default - SERVER: Start... port: 20026 pwd:/Users/ju/Desktop/injection pid:20183
[2021-06-12T13:18:12.132] [INFO] default - SERVER: Start... port: 20026 pwd:/Users/ju/Desktop/injection pid:20187
[2021-06-12T13:18:15.946] [INFO] default - SERVER: Start... port: 20026 pwd:/Users/ju/Desktop/injection pid:20192
[2021-06-12T13:18:36.249] [INFO] default - SERVER: Start... port: 20026 pwd:/Users/ju/Desktop/injection pid:20199
[2021-06-12T13:18:39.758] [INFO] default - SERVER: Start... port: 20026 pwd:/Users/ju/Desktop/injection pid:20203
[2021-06-12T13:18:50.143] [INFO] default - SERVER: Start... port: 20026 pwd:/Users/ju/Desktop/injection pid:20211
[2021-06-12T13:18:51.770] [INFO] default - SERVER: Start... port: 20026 pwd:/Users/ju/Desktop/injection pid:20219
[2021-06-12T13:18:55.223] [INFO] default - SERVER: Start... port: 20026 pwd:/Users/ju/Desktop/injection pid:20225
[2021-06-12T13:28:05.259] [INFO] default - SERVER: Start... port: 20026 pwd:/Users/ju/Desktop/injection pid:20381
[2021-06-12T13:28:16.623] [INFO] default - SERVER: Start... port: 20026 pwd:/Users/ju/Desktop/injection pid:20390
[2021-06-12T13:28:22.198] [INFO] default - SERVER: Start... port: 20026 pwd:/Users/ju/Desktop/injection pid:20396
[2021-06-12T13:28:30.680] [INFO] default - SERVER: Request /users - message sent
[2021-06-12T13:28:49.542] [INFO] default - SERVER: Start... port: 20026 pwd:/Users/ju/Desktop/injection pid:20422
[2021-06-12T13:28:56.979] [INFO] default - SERVER: Start... port: 20026 pwd:/Users/ju/Desktop/injection pid:20429
[2021-06-12T13:29:25.467] [INFO] default - SERVER: Start... port: 20026 pwd:/Users/ju/Desktop/injection pid:20441
[2021-06-12T13:29:47.033] [INFO] default - SERVER: Start... port: 20026 pwd:/Users/ju/Desktop/injection pid:20453
[2021-06-12T13:30:00.067] [INFO] default - SERVER: Start... port: 20026 pwd:/Users/ju/Desktop/injection pid:20464
[2021-06-12T13:30:14.409] [INFO] default - SERVER: Start... port: 20026 pwd:/Users/ju/Desktop/injection pid:20475
[2021-06-12T13:30:45.744] [INFO] default - SERVER: Start... port: 20026 pwd:/Users/ju/Desktop/injection pid:20485
[2021-06-12T13:30:52.297] [INFO] default - SERVER: Start... port: 20026 pwd:/Users/ju/Desktop/injection pid:20507
[2021-06-12T13:31:00.004] [INFO] default - SERVER: Start... port: 20026 pwd:/Users/ju/Desktop/injection pid:20529
[2021-06-12T13:33:40.418] [INFO] default - SERVER: Start... port: 20026 pwd:/Users/ju/Desktop/injection pid:20593
[2021-06-12T13:33:53.902] [INFO] default - SERVER: Start... port: 20026 pwd:/Users/ju/Desktop/injection pid:20602
[2021-06-12T13:33:59.141] [INFO] default - SERVER: Start... port: 20026 pwd:/Users/ju/Desktop/injection pid:20607
[2021-06-12T13:34:02.527] [INFO] default - SERVER: Start... port: 20026 pwd:/Users/ju/Desktop/injection pid:20616
[2021-06-12T13:34:15.917] [INFO] default - SERVER: Start... port: 20026 pwd:/Users/ju/Desktop/injection pid:20623
[2021-06-12T13:34:22.960] [INFO] default - SERVER: Start... port: 20026 pwd:/Users/ju/Desktop/injection pid:20626
[2021-06-12T13:35:48.909] [INFO] default - SERVER: Start... port: 20026 pwd:/Users/ju/Desktop/injection pid:20639
[2021-06-12T13:36:01.897] [INFO] default - SERVER: Start... port: 20026 pwd:/Users/ju/Desktop/injection pid:20648
[2021-06-12T13:36:33.689] [INFO] default - SERVER: Start... port: 20026 pwd:/Users/ju/Desktop/injection pid:20668
[2021-06-12T13:37:45.730] [INFO] default - SERVER: Start... port: 20026 pwd:/Users/ju/Desktop/injection pid:20679
[2021-06-12T13:37:58.135] [INFO] default - SERVER: Start... port: 20026 pwd:/Users/ju/Desktop/injection pid:20692
[2021-06-12T13:38:04.216] [INFO] default - SERVER: Start... port: 20026 pwd:/Users/ju/Desktop/injection pid:20696
[2021-06-12T13:38:41.083] [INFO] default - SERVER: Start... port: 20026 pwd:/Users/ju/Desktop/injection pid:20703
[2021-06-12T13:38:48.360] [INFO] default - SERVER: Start... port: 20026 pwd:/Users/ju/Desktop/injection pid:20713
[2021-06-12T13:38:52.565] [INFO] default - SERVER: Start... port: 20026 pwd:/Users/ju/Desktop/injection pid:20717
[2021-06-12T13:38:55.451] [INFO] default - SERVER: Start... port: 20026 pwd:/Users/ju/Desktop/injection pid:20722
[2021-06-12T13:39:20.408] [INFO] default - SERVER: Start... port: 20026 pwd:/Users/ju/Desktop/injection pid:20729
[2021-06-12T13:39:29.132] [INFO] default - SERVER: Start... port: 20026 pwd:/Users/ju/Desktop/injection pid:20736
[2021-06-12T13:40:16.601] [INFO] default - SERVER: Start... port: 20026 pwd:/Users/ju/Desktop/injection pid:20744
[2021-06-12T13:40:41.854] [INFO] default - SERVER: Start... port: 20026 pwd:/Users/ju/Desktop/injection pid:20758
[2021-06-12T13:41:13.074] [INFO] default - SERVER: Start... port: 20026 pwd:/Users/ju/Desktop/injection pid:20772
[2021-06-12T13:41:17.260] [INFO] default - SERVER: Start... port: 20026 pwd:/Users/ju/Desktop/injection pid:20777
[2021-06-12T13:41:23.048] [INFO] default - SERVER: Start... port: 20026 pwd:/Users/ju/Desktop/injection pid:20789
[2021-06-12T13:42:01.245] [INFO] default - SERVER: Start... port: 20026 pwd:/Users/ju/Desktop/injection pid:20796
[2021-06-12T13:42:08.966] [INFO] default - SERVER: Start... port: 20026 pwd:/Users/ju/Desktop/injection pid:20801
[2021-06-12T13:42:22.433] [INFO] default - SERVER: Start... port: 20026 pwd:/Users/ju/Desktop/injection pid:20807
[2021-06-12T13:42:45.734] [INFO] default - SERVER: Start... port: 20026 pwd:/Users/ju/Desktop/injection pid:20814
[2021-06-12T13:45:10.745] [INFO] default - SERVER: Start... port: 20026 pwd:/Users/ju/Desktop/injection pid:20836
[2021-06-12T13:45:37.457] [INFO] default - SERVER: Start... port: 20026 pwd:/Users/ju/Desktop/injection pid:20848
[2021-06-12T13:45:45.241] [INFO] default - SERVER: Start... port: 20026 pwd:/Users/ju/Desktop/injection pid:20852
[2021-06-12T13:45:48.600] [INFO] default - SERVER: Start... port: 20026 pwd:/Users/ju/Desktop/injection pid:20859
[2021-06-12T13:46:51.098] [INFO] default - SERVER: Start... port: 20026 pwd:/Users/ju/Desktop/injection pid:20879
[2021-06-12T13:46:59.120] [INFO] default - SERVER: Start... port: 20026 pwd:/Users/ju/Desktop/injection pid:20898
[2021-06-12T13:48:18.257] [INFO] default - SERVER: Start... port: 20026 pwd:/Users/ju/Desktop/injection pid:20925
[2021-06-12T13:48:40.402] [INFO] default - SERVER: Start... port: 20026 pwd:/Users/ju/Desktop/injection pid:20935
[2021-06-12T13:48:56.004] [INFO] default - SERVER: Start... port: 20026 pwd:/Users/ju/Desktop/injection pid:20945
[2021-06-12T13:48:58.698] [INFO] default - SERVER: Start... port: 20026 pwd:/Users/ju/Desktop/injection pid:20949
[2021-06-12T13:49:48.783] [INFO] default - SERVER: Start... port: 20026 pwd:/Users/ju/Desktop/injection pid:20955
[2021-06-12T13:49:54.429] [INFO] default - SERVER: Start... port: 20026 pwd:/Users/ju/Desktop/injection pid:20966
[2021-06-12T13:50:01.194] [INFO] default - SERVER: Start... port: 20026 pwd:/Users/ju/Desktop/injection pid:20970
[2021-06-12T13:51:24.716] [INFO] default - SERVER: Start... port: 20026 pwd:/Users/ju/Desktop/injection pid:20986
[2021-06-12T13:53:06.760] [INFO] default - SERVER: Start... port: 20026 pwd:/Users/ju/Desktop/injection pid:21017
[2021-06-12T13:55:27.834] [INFO] default - SERVER: Start... port: 20026 pwd:/Users/ju/Desktop/injection pid:21068
[2021-06-12T13:55:33.120] [INFO] default - SERVER: Start... port: 20026 pwd:/Users/ju/Desktop/injection pid:21074
[2021-06-12T13:56:10.223] [INFO] default - SERVER: Start... port: 20026 pwd:/Users/ju/Desktop/injection pid:21087
[2021-06-12T13:56:26.397] [INFO] default - SERVER: Start... port: 20026 pwd:/Users/ju/Desktop/injection pid:21093
[2021-06-12T13:56:27.806] [INFO] default - SERVER: Start... port: 20026 pwd:/Users/ju/Desktop/injection pid:21102
[2021-06-12T13:56:37.087] [INFO] default - SERVER: Start... port: 20026 pwd:/Users/ju/Desktop/injection pid:21111
[2021-06-12T13:56:57.101] [INFO] default - SERVER: Start... port: 20026 pwd:/Users/ju/Desktop/injection pid:21117
[2021-06-12T13:57:00.559] [INFO] default - SERVER: Start... port: 20026 pwd:/Users/ju/Desktop/injection pid:21121
[2021-06-12T13:57:08.379] [INFO] default - SERVER: Start... port: 20026 pwd:/Users/ju/Desktop/injection pid:21125
[2021-06-12T13:57:25.011] [INFO] default - SERVER: Start... port: 20026 pwd:/Users/ju/Desktop/injection pid:21131
[2021-06-12T13:57:30.313] [INFO] default - SERVER: Start... port: 20026 pwd:/Users/ju/Desktop/injection pid:21136
[2021-06-12T13:57:38.078] [INFO] default - SERVER: Start... port: 20026 pwd:/Users/ju/Desktop/injection pid:21141
[2021-06-12T13:57:47.919] [INFO] default - SERVER: Start... port: 20026 pwd:/Users/ju/Desktop/injection pid:21148
[2021-06-12T13:58:04.745] [INFO] default - SERVER: Start... port: 20026 pwd:/Users/ju/Desktop/injection pid:21155
[2021-06-12T13:58:18.679] [INFO] default - SERVER: Start... port: 20026 pwd:/Users/ju/Desktop/injection pid:21166
[2021-06-12T13:58:50.557] [INFO] default - SERVER: Start... port: 20026 pwd:/Users/ju/Desktop/injection pid:21177
[2021-06-12T13:59:00.687] [INFO] default - SERVER: Start... port: 20026 pwd:/Users/ju/Desktop/injection pid:21184
[2021-06-12T13:59:19.251] [INFO] default - SERVER: Start... port: 20026 pwd:/Users/ju/Desktop/injection pid:21188
[2021-06-12T13:59:27.479] [INFO] default - SERVER: Start... port: 20026 pwd:/Users/ju/Desktop/injection pid:21195
[2021-06-12T13:59:46.398] [INFO] default - SERVER: Start... port: 20026 pwd:/Users/ju/Desktop/injection pid:21199
[2021-06-12T13:59:50.056] [INFO] default - SERVER: Start... port: 20026 pwd:/Users/ju/Desktop/injection pid:21204
[2021-06-12T14:01:01.016] [INFO] default - SERVER: Start... port: 20026 pwd:/Users/ju/Desktop/injection pid:21236
[2021-06-12T14:01:02.757] [INFO] default - SERVER: Start... port: 20026 pwd:/Users/ju/Desktop/injection pid:21240
[2021-06-12T14:01:31.638] [INFO] default - SERVER: Start... port: 20026 pwd:/Users/ju/Desktop/injection pid:21248
[2021-06-12T14:01:40.693] [INFO] default - SERVER: Start... port: 20026 pwd:/Users/ju/Desktop/injection pid:21253
[2021-06-12T14:02:02.861] [INFO] default - SERVER: Start... port: 20026 pwd:/Users/ju/Desktop/injection pid:21278
[2021-06-12T14:02:05.319] [INFO] default - SERVER: Start... port: 20026 pwd:/Users/ju/Desktop/injection pid:21283
[2021-06-12T14:02:47.382] [INFO] default - SERVER: Start... port: 20026 pwd:/Users/ju/Desktop/injection pid:21291
[2021-06-12T14:02:54.505] [INFO] default - SERVER: Start... port: 20026 pwd:/Users/ju/Desktop/injection pid:21301
[2021-06-12T14:04:21.246] [INFO] default - SERVER: Start... port: 20026 pwd:/Users/ju/Desktop/injection pid:21329
[2021-06-12T14:04:30.048] [INFO] default - SERVER: Start... port: 20026 pwd:/Users/ju/Desktop/injection pid:21332
[2021-06-12T14:04:39.087] [INFO] default - SERVER: Start... port: 20026 pwd:/Users/ju/Desktop/injection pid:21336
[2021-06-12T14:05:01.727] [INFO] default - SERVER: Start... port: 20026 pwd:/Users/ju/Desktop/injection pid:21340
[2021-06-12T14:05:05.572] [INFO] default - SERVER: Start... port: 20026 pwd:/Users/ju/Desktop/injection pid:21344
[2021-06-12T14:06:16.252] [INFO] default - SERVER: Start... port: 20026 pwd:/Users/ju/Desktop/injection pid:21358
[2021-06-12T14:07:21.812] [INFO] default - SERVER: Start... port: 20026 pwd:/Users/ju/Desktop/injection pid:21368
[2021-06-12T14:07:31.779] [INFO] default - SERVER: Start... port: 20026 pwd:/Users/ju/Desktop/injection pid:21375
[2021-06-12T14:07:33.185] [INFO] default - SERVER: Start... port: 20026 pwd:/Users/ju/Desktop/injection pid:21379
[2021-06-12T14:07:40.092] [INFO] default - SERVER: Start... port: 20026 pwd:/Users/ju/Desktop/injection pid:21383
[2021-06-12T14:07:49.723] [INFO] default - SERVER: Start... port: 20026 pwd:/Users/ju/Desktop/injection pid:21390
[2021-06-12T14:08:14.001] [INFO] default - SERVER: Start... port: 20026 pwd:/Users/ju/Desktop/injection pid:21407
[2021-06-12T14:08:20.388] [INFO] default - SERVER: Start... port: 20026 pwd:/Users/ju/Desktop/injection pid:21412
[2021-06-12T14:08:40.635] [INFO] default - SERVER: Start... port: 20026 pwd:/Users/ju/Desktop/injection pid:21418
[2021-06-12T14:08:44.354] [INFO] default - SERVER: Start... port: 20026 pwd:/Users/ju/Desktop/injection pid:21422
[2021-06-12T14:08:46.811] [INFO] default - SERVER: Start... port: 20026 pwd:/Users/ju/Desktop/injection pid:21426
[2021-06-12T14:08:53.031] [INFO] default - SERVER: Start... port: 20026 pwd:/Users/ju/Desktop/injection pid:21430
[2021-06-12T14:08:54.717] [INFO] default - SERVER: Start... port: 20026 pwd:/Users/ju/Desktop/injection pid:21434
[2021-06-12T14:08:58.157] [INFO] default - SERVER: Start... port: 20026 pwd:/Users/ju/Desktop/injection pid:21438
[2021-06-12T14:09:01.812] [INFO] default - SERVER: Start... port: 20026 pwd:/Users/ju/Desktop/injection pid:21442
[2021-06-12T14:09:04.684] [INFO] default - SERVER: Start... port: 20026 pwd:/Users/ju/Desktop/injection pid:21446
[2021-06-12T14:10:40.688] [INFO] default - SERVER: Start... port: 20026 pwd:/Users/ju/Desktop/injection pid:21492
[2021-06-12T14:11:37.865] [INFO] default - SERVER: Start... port: 20026 pwd:/Users/ju/Desktop/injection pid:21513
[2021-06-12T14:11:59.908] [INFO] default - SERVER: Start... port: 20026 pwd:/Users/ju/Desktop/injection pid:21523
[2021-06-12T14:12:40.244] [INFO] default - SERVER: Start... port: 20026 pwd:/Users/ju/Desktop/injection pid:21528
[2021-06-12T14:12:41.607] [INFO] default - SERVER: Start... port: 20026 pwd:/Users/ju/Desktop/injection pid:21538
[2021-06-12T14:12:43.987] [INFO] default - SERVER: Start... port: 20026 pwd:/Users/ju/Desktop/injection pid:21547
[2021-06-12T14:12:46.599] [INFO] default - SERVER: Start... port: 20026 pwd:/Users/ju/Desktop/injection pid:21551
[2021-06-12T14:12:48.724] [INFO] default - SERVER: Start... port: 20026 pwd:/Users/ju/Desktop/injection pid:21556
[2021-06-12T14:12:55.941] [INFO] default - SERVER: Start... port: 20026 pwd:/Users/ju/Desktop/injection pid:21562
[2021-06-12T14:13:09.572] [INFO] default - SERVER: Start... port: 20026 pwd:/Users/ju/Desktop/injection pid:21566
[2021-06-12T14:15:42.580] [INFO] default - SERVER: Start... port: 20026 pwd:/Users/ju/Desktop/injection pid:21607
[2021-06-12T14:15:54.526] [INFO] default - SERVER: Start... port: 20026 pwd:/Users/ju/Desktop/injection pid:21617
[2021-06-12T14:16:14.127] [INFO] default - SERVER: Start... port: 20026 pwd:/Users/ju/Desktop/injection pid:21624
[2021-06-12T14:16:19.547] [INFO] default - SERVER: Start... port: 20026 pwd:/Users/ju/Desktop/injection pid:21628
[2021-06-12T14:17:17.123] [INFO] default - SERVER: Start... port: 20026 pwd:/Users/ju/Desktop/injection pid:21645
[2021-06-12T14:17:56.115] [INFO] default - SERVER: Start... port: 20026 pwd:/Users/ju/Desktop/injection pid:21653
[2021-06-12T14:17:57.402] [INFO] default - SERVER: Start... port: 20026 pwd:/Users/ju/Desktop/injection pid:21656
[2021-06-12T14:18:05.332] [INFO] default - SERVER: Start... port: 20026 pwd:/Users/ju/Desktop/injection pid:21660
[2021-06-12T14:18:08.287] [INFO] default - SERVER: Start... port: 20026 pwd:/Users/ju/Desktop/injection pid:21669
[2021-06-12T14:18:10.234] [INFO] default - SERVER: Start... port: 20026 pwd:/Users/ju/Desktop/injection pid:21673
[2021-06-12T14:19:33.945] [INFO] default - SERVER: Start... port: 20026 pwd:/Users/ju/Desktop/injection pid:21699
[2021-06-12T14:20:03.114] [INFO] default - SERVER: Start... port: 20026 pwd:/Users/ju/Desktop/injection pid:21715
[2021-06-12T14:20:20.704] [INFO] default - SERVER: Start... port: 20026 pwd:/Users/ju/Desktop/injection pid:21719
[2021-06-12T14:20:24.092] [INFO] default - SERVER: Request /users - message sent
[2021-06-12T14:21:32.151] [INFO] default - SERVER: Start... port: 20026 pwd:/Users/ju/Desktop/injection pid:21735
[2021-06-12T14:21:39.100] [INFO] default - SERVER: Start... port: 20026 pwd:/Users/ju/Desktop/injection pid:21746
[2021-06-12T14:21:40.636] [INFO] default - SERVER: Start... port: 20026 pwd:/Users/ju/Desktop/injection pid:21754
[2021-06-12T14:21:46.175] [INFO] default - SERVER: Start... port: 20026 pwd:/Users/ju/Desktop/injection pid:21760
[2021-06-12T14:22:07.883] [INFO] default - SERVER: Start... port: 20026 pwd:/Users/ju/Desktop/injection pid:21764
[2021-06-12T14:23:46.321] [INFO] default - SERVER: Start... port: 20026 pwd:/Users/ju/Desktop/injection pid:21787
[2021-06-12T14:23:51.578] [INFO] default - SERVER: Start... port: 20026 pwd:/Users/ju/Desktop/injection pid:21793
[2021-06-12T14:23:53.649] [INFO] default - SERVER: Start... port: 20026 pwd:/Users/ju/Desktop/injection pid:21798
[2021-06-12T14:23:55.728] [INFO] default - SERVER: Start... port: 20026 pwd:/Users/ju/Desktop/injection pid:21802
[2021-06-12T14:24:06.621] [INFO] default - SERVER: Request /users - message sent
[2021-06-12T14:24:14.909] [INFO] default - SERVER: Start... port: 20026 pwd:/Users/ju/Desktop/injection pid:21811
[2021-06-12T14:24:17.175] [INFO] default - SERVER: Start... port: 20026 pwd:/Users/ju/Desktop/injection pid:21816
[2021-06-12T14:24:21.593] [INFO] default - SERVER: Start... port: 20026 pwd:/Users/ju/Desktop/injection pid:21820
[2021-06-12T14:25:26.853] [INFO] default - SERVER: Start... port: 20026 pwd:/Users/ju/Desktop/injection pid:21840
[2021-06-12T14:28:08.768] [INFO] default - SERVER: Start... port: 20026 pwd:/Users/ju/Desktop/injection pid:21872
[2021-06-12T14:28:17.641] [INFO] default - SERVER: Start... port: 20026 pwd:/Users/ju/Desktop/injection pid:21880
[2021-06-12T14:28:19.747] [INFO] default - SERVER: Start... port: 20026 pwd:/Users/ju/Desktop/injection pid:21888
[2021-06-12T14:28:27.619] [INFO] default - SERVER: Start... port: 20026 pwd:/Users/ju/Desktop/injection pid:21892
[2021-06-12T14:28:28.826] [INFO] default - SERVER: Start... port: 20026 pwd:/Users/ju/Desktop/injection pid:21896
[2021-06-12T14:28:30.558] [INFO] default - SERVER: Start... port: 20026 pwd:/Users/ju/Desktop/injection pid:21904
[2021-06-12T14:28:54.129] [INFO] default - SERVER: Start... port: 20026 pwd:/Users/ju/Desktop/injection pid:21910
[2021-06-12T14:28:56.288] [INFO] default - SERVER: Start... port: 20026 pwd:/Users/ju/Desktop/injection pid:21914
[2021-06-12T14:28:58.686] [INFO] default - SERVER: Start... port: 20026 pwd:/Users/ju/Desktop/injection pid:21918
[2021-06-12T14:29:03.149] [INFO] default - SERVER: Start... port: 20026 pwd:/Users/ju/Desktop/injection pid:21922
